<?xml version="1.0" encoding="UTF-8" ?>
<testsuite tests="1" failures="0" name="FreeMarkerTest" time="0.143" errors="0" skipped="0">
  <properties>
    <property name="idea.version" value="2022.2.3"/>
    <property name="java.runtime.name" value="Java(TM) SE Runtime Environment"/>
    <property name="sun.boot.library.path" value="D:\develop_tools\JDK\jdk1.8.0_271\jre\bin"/>
    <property name="java.vm.version" value="25.271-b09"/>
    <property name="java.vm.vendor" value="Oracle Corporation"/>
    <property name="maven.multiModuleProjectDirectory" value="D:\桌面文件\java_exercise\Code-generator\code-generator-base"/>
    <property name="java.vendor.url" value="http://java.oracle.com/"/>
    <property name="path.separator" value=";"/>
    <property name="guice.disable.misplaced.annotation.check" value="true"/>
    <property name="java.vm.name" value="Java HotSpot(TM) 64-Bit Server VM"/>
    <property name="file.encoding.pkg" value="sun.io"/>
    <property name="user.script" value=""/>
    <property name="user.country" value="CN"/>
    <property name="sun.java.launcher" value="SUN_STANDARD"/>
    <property name="sun.os.patch.level" value=""/>
    <property name="java.vm.specification.name" value="Java Virtual Machine Specification"/>
    <property name="user.dir" value="D:\桌面文件\java_exercise\Code-generator\code-generator-base"/>
    <property name="java.runtime.version" value="1.8.0_271-b09"/>
    <property name="java.awt.graphicsenv" value="sun.awt.Win32GraphicsEnvironment"/>
    <property name="java.endorsed.dirs" value="D:\develop_tools\JDK\jdk1.8.0_271\jre\lib\endorsed"/>
    <property name="os.arch" value="amd64"/>
    <property name="java.io.tmpdir" value="C:\Users\15971\AppData\Local\Temp\"/>
    <property name="line.separator" value="
"/>
    <property name="java.vm.specification.vendor" value="Oracle Corporation"/>
    <property name="user.variant" value=""/>
    <property name="os.name" value="Windows 10"/>
    <property name="maven.ext.class.path" value="D:\Program_Files\JetBrains\IntelliJ IDEA 2022.2.3\plugins\maven\lib\maven-event-listener.jar"/>
    <property name="classworlds.conf" value="D:\Program_Files\apache-maven-3.6.3\bin\m2.conf"/>
    <property name="sun.jnu.encoding" value="GBK"/>
    <property name="java.library.path" value="D:\develop_tools\JDK\jdk1.8.0_271\bin;C:\Windows\Sun\Java\bin;C:\Windows\system32;C:\Windows;D:\Program_Files\VMware\VMware Workstation\bin\;D:\develop_tools\JDK\jdk-17.0.2\bin;C:\Program Files\Common Files\Oracle\Java\javapath;C:\Program Files (x86)\Common Files\Oracle\Java\javapath;C:\Windows\System32\HWAudioDriver;C:\Windows\system32;C:\Windows;C:\Windows\System32\Wbem;C:\Windows\System32\WindowsPowerShell\v1.0\;C:\Windows\System32\OpenSSH\;C:\Users\Administrator\AppData\Local\Microsoft\WindowsApps;C:\Program Files\Docker\Docker\resources\bin;D:\Program Files\Microsoft VS Code\bin;D:\Program Files\Git\cmd;D:\Program_Files\nodejs\;D:\Program_Files\apache-maven-3.6.3\bin;D:\Program_Files\Python\Python37\Scripts\;D:\Program_Files\Python\Python37\;C:\Users\15971\AppData\Local\Microsoft\WindowsApps;C:\Program Files\MySQL\mysql8.0.31\bin;D:\ProgrammerTools\JetBrains\IntelliJ IDEA Community Edition 2023.1.1\bin;;D:\Program_Files\JetBrains\IntelliJ IDEA 2022.2.3\bin;;D:\Program_Files\JetBrains\PyCharm 2023.2.5\bin;;D:\Program_Files\JetBrains\JetBrains Gateway 2023.2.4\bin;;C:\Users\15971\AppData\Roaming\npm;D:\anaconda3\Scripts;;."/>
    <property name="maven.conf" value="D:\Program_Files\apache-maven-3.6.3/conf"/>
    <property name="java.specification.name" value="Java Platform API Specification"/>
    <property name="java.class.version" value="52.0"/>
    <property name="sun.management.compiler" value="HotSpot 64-Bit Tiered Compilers"/>
    <property name="maven.repo.local" value="D:\Program_Files\MavenRepo"/>
    <property name="os.version" value="10.0"/>
    <property name="user.home" value="C:\Users\15971"/>
    <property name="user.timezone" value="Asia/Shanghai"/>
    <property name="java.awt.printerjob" value="sun.awt.windows.WPrinterJob"/>
    <property name="java.specification.version" value="1.8"/>
    <property name="file.encoding" value="UTF-8"/>
    <property name="user.name" value="15971"/>
    <property name="java.class.path" value="D:\Program_Files\apache-maven-3.6.3\boot\plexus-classworlds-2.6.0.jar;D:\Program_Files\apache-maven-3.6.3\boot\plexus-classworlds.license;D:\Program_Files\JetBrains\IntelliJ IDEA 2022.2.3\lib\idea_rt.jar"/>
    <property name="java.vm.specification.version" value="1.8"/>
    <property name="sun.arch.data.model" value="64"/>
    <property name="java.home" value="D:\develop_tools\JDK\jdk1.8.0_271\jre"/>
    <property name="sun.java.command" value="org.codehaus.classworlds.Launcher -Didea.version=2022.2.3 -s D:\Program_Files\apache-maven-3.6.3\conf\settings.xml -Dmaven.repo.local=D:\Program_Files\MavenRepo package -P !jdk-17"/>
    <property name="java.specification.vendor" value="Oracle Corporation"/>
    <property name="user.language" value="zh"/>
    <property name="awt.toolkit" value="sun.awt.windows.WToolkit"/>
    <property name="java.vm.info" value="mixed mode"/>
    <property name="java.version" value="1.8.0_271"/>
    <property name="java.ext.dirs" value="D:\develop_tools\JDK\jdk1.8.0_271\jre\lib\ext;C:\Windows\Sun\Java\lib\ext"/>
    <property name="sun.boot.class.path" value="D:\develop_tools\JDK\jdk1.8.0_271\jre\lib\resources.jar;D:\develop_tools\JDK\jdk1.8.0_271\jre\lib\rt.jar;D:\develop_tools\JDK\jdk1.8.0_271\jre\lib\sunrsasign.jar;D:\develop_tools\JDK\jdk1.8.0_271\jre\lib\jsse.jar;D:\develop_tools\JDK\jdk1.8.0_271\jre\lib\jce.jar;D:\develop_tools\JDK\jdk1.8.0_271\jre\lib\charsets.jar;D:\develop_tools\JDK\jdk1.8.0_271\jre\lib\jfr.jar;D:\develop_tools\JDK\jdk1.8.0_271\jre\classes"/>
    <property name="java.vendor" value="Oracle Corporation"/>
    <property name="maven.home" value="D:\Program_Files\apache-maven-3.6.3"/>
    <property name="file.separator" value="\"/>
    <property name="java.vendor.url.bug" value="http://bugreport.sun.com/bugreport/"/>
    <property name="sun.cpu.endian" value="little"/>
    <property name="sun.io.unicode.encoding" value="UnicodeLittle"/>
    <property name="sun.desktop" value="windows"/>
    <property name="sun.cpu.isalist" value="amd64"/>
  </properties>
  <testcase classname="FreeMarkerTest" name="test" time="0.143"/>
</testsuite>